<?xml version="1.0" encoding="UTF-8"?>
<!-- Generated by org.testng.reporters.JUnitXMLReporter -->
<testsuite hostname="AbhiAtithi-PC" name="Default test" tests="3" failures="0" timestamp="21 Jan 2018 09:38:00 GMT" time="74.785" errors="0">
  <testcase name="loginPageTitleTest" time="0.161" classname="com.qa.testdata.LoginPageTest"/>
  <testcase name="CRMLogoTest" time="0.159" classname="com.qa.testdata.LoginPageTest"/>
  <testcase name="loginTest" time="16.896" classname="com.qa.testdata.LoginPageTest"/>
</testsuite> <!-- Default test -->
